d:\study\visual project\megaman\megaman\megaman\debug\vc141.pdb
d:\study\visual project\megaman\megaman\megaman\debug\vc141.idb
d:\study\visual project\megaman\megaman\megaman\debug\dragonfly.obj
d:\study\visual project\megaman\megaman\megaman\debug\doorcanmove.obj
d:\study\visual project\megaman\megaman\megaman\debug\door.obj
d:\study\visual project\megaman\megaman\megaman\debug\dieeffect.obj
d:\study\visual project\megaman\megaman\megaman\debug\deadlane.obj
d:\study\visual project\megaman\megaman\megaman\debug\collisionmanager.obj
d:\study\visual project\megaman\megaman\megaman\debug\changescene.obj
d:\study\visual project\megaman\megaman\megaman\debug\caterkiller_bullet.obj
d:\study\visual project\megaman\megaman\megaman\debug\caterkiller.obj
d:\study\visual project\megaman\megaman\megaman\debug\camera.obj
d:\study\visual project\megaman\megaman\megaman\debug\byte_bullet.obj
d:\study\visual project\megaman\megaman\megaman\debug\byte.obj
d:\study\visual project\megaman\megaman\megaman\debug\box.obj
d:\study\visual project\megaman\megaman\megaman\debug\blashhornet_wing.obj
d:\study\visual project\megaman\megaman\megaman\debug\blashhornet_point.obj
d:\study\visual project\megaman\megaman\megaman\debug\blashhornet.obj
d:\study\visual project\megaman\megaman\megaman\debug\bighealth.obj
d:\study\visual project\megaman\megaman\megaman\debug\baseobject.obj
d:\study\visual project\megaman\megaman\megaman\debug\audiomanager.obj
d:\study\visual project\megaman\megaman\megaman\debug\animate.obj
d:\study\visual project\megaman\megaman\megaman\debug\mainmenu.obj
d:\study\visual project\megaman\megaman\megaman\debug\main.obj
d:\study\visual project\megaman\megaman\megaman\debug\hp_bar.obj
d:\study\visual project\megaman\megaman\megaman\debug\keygame.obj
d:\study\visual project\megaman\megaman\megaman\debug\keyboard.obj
d:\study\visual project\megaman\megaman\megaman\debug\item.obj
d:\study\visual project\megaman\megaman\megaman\debug\hp_boss.obj
d:\study\visual project\megaman\megaman\megaman\debug\hornet.obj
d:\study\visual project\megaman\megaman\megaman\debug\graphics.obj
d:\study\visual project\megaman\megaman\megaman\debug\genjibo_sp.obj
d:\study\visual project\megaman\megaman\megaman\debug\genjibo.obj
d:\study\visual project\megaman\megaman\megaman\debug\gametimeloop.obj
d:\study\visual project\megaman\megaman\megaman\debug\gametime.obj
d:\study\visual project\megaman\megaman\megaman\debug\gameover.obj
d:\study\visual project\megaman\megaman\megaman\debug\enermy.obj
d:\study\visual project\megaman\megaman\megaman\debug\effect_power.obj
d:\study\visual project\megaman\megaman\megaman\debug\effect.obj
d:\study\visual project\megaman\megaman\megaman\debug\dsutil.obj
d:\study\visual project\megaman\megaman\megaman\debug\drawableobject.obj
d:\study\visual project\megaman\megaman\megaman\debug\dragonfly_bullet.obj
d:\study\visual project\megaman\megaman\megaman\debug\spritemanager.obj
d:\study\visual project\megaman\megaman\megaman\debug\sprite.obj
d:\study\visual project\megaman\megaman\megaman\debug\smallhealth.obj
d:\study\visual project\megaman\megaman\megaman\debug\scene.obj
d:\study\visual project\megaman\megaman\megaman\debug\rockman.obj
d:\study\visual project\megaman\megaman\megaman\debug\rockbutlet.obj
d:\study\visual project\megaman\megaman\megaman\debug\rhino_bullet.obj
d:\study\visual project\megaman\megaman\megaman\debug\rhino.obj
d:\study\visual project\megaman\megaman\megaman\debug\rectf.obj
d:\study\visual project\megaman\megaman\megaman\debug\quadtree.obj
d:\study\visual project\megaman\megaman\megaman\debug\quadnode.obj
d:\study\visual project\megaman\megaman\megaman\debug\point.obj
d:\study\visual project\megaman\megaman\megaman\debug\oldrestore.obj
d:\study\visual project\megaman\megaman\megaman\debug\objectscategory.obj
d:\study\visual project\megaman\megaman\megaman\debug\notorbanger.obj
d:\study\visual project\megaman\megaman\megaman\debug\notobanger_bullet.obj
d:\study\visual project\megaman\megaman\megaman\debug\movableobject.obj
d:\study\visual project\megaman\megaman\megaman\debug\mouse.obj
d:\study\visual project\megaman\megaman\megaman\debug\megamanscene.obj
d:\study\visual project\megaman\megaman\megaman\debug\map.obj
d:\study\visual project\megaman\megaman\megaman\debug\wingame.obj
d:\study\visual project\megaman\megaman\megaman\debug\windowgame.obj
d:\study\visual project\megaman\megaman\megaman\debug\tilemap.obj
d:\study\visual project\megaman\megaman\megaman\debug\texture.obj
d:\study\visual project\megaman\megaman\megaman\debug\stage.obj
d:\study\visual project\megaman\megaman\debug\megaman.ilk
d:\study\visual project\megaman\megaman\debug\megaman.exe
d:\study\visual project\megaman\megaman\debug\megaman.pdb
d:\study\visual project\megaman\megaman\megaman\debug\megaman.tlog\cl.command.1.tlog
d:\study\visual project\megaman\megaman\megaman\debug\megaman.tlog\cl.read.1.tlog
d:\study\visual project\megaman\megaman\megaman\debug\megaman.tlog\cl.write.1.tlog
d:\study\visual project\megaman\megaman\megaman\debug\megaman.tlog\link.command.1.tlog
d:\study\visual project\megaman\megaman\megaman\debug\megaman.tlog\link.read.1.tlog
d:\study\visual project\megaman\megaman\megaman\debug\megaman.tlog\link.write.1.tlog
