  BlashHornet.cpp
  c:\program files (x86)\microsoft directx sdk (june 2010)\include\dinput.h: DIRECTINPUT_VERSION undefined. Defaulting to version 0x0800
d:\study\visual project\megaman\megaman\megaman\blashhornet.cpp(24): warning C4305: 'argument': truncation from 'double' to 'float'
d:\study\visual project\megaman\megaman\megaman\blashhornet.cpp(26): warning C4305: 'argument': truncation from 'double' to 'float'
d:\study\visual project\megaman\megaman\megaman\blashhornet.cpp(28): warning C4305: 'argument': truncation from 'double' to 'float'
d:\study\visual project\megaman\megaman\megaman\blashhornet.cpp(38): warning C4305: 'argument': truncation from 'double' to 'float'
d:\study\visual project\megaman\megaman\megaman\blashhornet.cpp(45): warning C4244: '=': conversion from 'double' to 'float', possible loss of data
d:\study\visual project\megaman\megaman\megaman\blashhornet.cpp(46): warning C4244: '=': conversion from 'double' to 'float', possible loss of data
d:\study\visual project\megaman\megaman\megaman\blashhornet.cpp(91): warning C4244: 'initializing': conversion from 'float' to 'int', possible loss of data
d:\study\visual project\megaman\megaman\megaman\blashhornet.cpp(92): warning C4244: 'initializing': conversion from 'float' to 'int', possible loss of data
d:\study\visual project\megaman\megaman\megaman\blashhornet.cpp(112): warning C4244: 'argument': conversion from 'float' to 'int', possible loss of data
d:\study\visual project\megaman\megaman\megaman\blashhornet.cpp(119): warning C4244: 'initializing': conversion from 'float' to 'int', possible loss of data
d:\study\visual project\megaman\megaman\megaman\blashhornet.cpp(120): warning C4244: 'initializing': conversion from 'float' to 'int', possible loss of data
d:\study\visual project\megaman\megaman\megaman\blashhornet.cpp(121): warning C4244: 'argument': conversion from 'float' to 'int', possible loss of data
d:\study\visual project\megaman\megaman\megaman\blashhornet.cpp(122): warning C4244: 'initializing': conversion from 'float' to 'int', possible loss of data
d:\study\visual project\megaman\megaman\megaman\blashhornet.cpp(128): warning C4244: '=': conversion from 'int' to 'float', possible loss of data
d:\study\visual project\megaman\megaman\megaman\blashhornet.cpp(181): warning C4244: 'argument': conversion from 'float' to 'int', possible loss of data
d:\study\visual project\megaman\megaman\megaman\blashhornet.cpp(182): warning C4244: 'argument': conversion from 'float' to 'int', possible loss of data
d:\study\visual project\megaman\megaman\megaman\blashhornet.cpp(183): warning C4244: 'argument': conversion from 'float' to 'int', possible loss of data
d:\study\visual project\megaman\megaman\megaman\blashhornet.cpp(184): warning C4244: 'argument': conversion from 'float' to 'int', possible loss of data
d:\study\visual project\megaman\megaman\megaman\blashhornet.cpp(185): warning C4244: 'argument': conversion from 'float' to 'int', possible loss of data
d:\study\visual project\megaman\megaman\megaman\blashhornet.cpp(189): warning C4244: 'argument': conversion from 'float' to 'int', possible loss of data
d:\study\visual project\megaman\megaman\megaman\blashhornet.cpp(190): warning C4244: 'argument': conversion from 'float' to 'int', possible loss of data
d:\study\visual project\megaman\megaman\megaman\blashhornet.cpp(191): warning C4244: 'argument': conversion from 'float' to 'int', possible loss of data
d:\study\visual project\megaman\megaman\megaman\blashhornet.cpp(192): warning C4244: 'argument': conversion from 'float' to 'int', possible loss of data
d:\study\visual project\megaman\megaman\megaman\blashhornet.cpp(193): warning C4244: 'argument': conversion from 'float' to 'int', possible loss of data
d:\study\visual project\megaman\megaman\megaman\blashhornet.cpp(206): warning C4244: 'argument': conversion from 'float' to 'int', possible loss of data
d:\study\visual project\megaman\megaman\megaman\blashhornet.cpp(211): warning C4244: 'argument': conversion from 'float' to 'int', possible loss of data
d:\study\visual project\megaman\megaman\megaman\blashhornet.cpp(218): warning C4244: 'argument': conversion from 'float' to 'int', possible loss of data
d:\study\visual project\megaman\megaman\megaman\blashhornet.cpp(223): warning C4244: 'argument': conversion from 'float' to 'int', possible loss of data
d:\study\visual project\megaman\megaman\megaman\blashhornet.cpp(457): warning C4244: '=': conversion from 'float' to 'int', possible loss of data
d:\study\visual project\megaman\megaman\megaman\blashhornet.cpp(458): warning C4244: '=': conversion from 'float' to 'int', possible loss of data
  BlashHornet_Point.cpp
  c:\program files (x86)\microsoft directx sdk (june 2010)\include\dinput.h: DIRECTINPUT_VERSION undefined. Defaulting to version 0x0800
d:\study\visual project\megaman\megaman\megaman\blashhornet_point.cpp(23): warning C4244: 'argument': conversion from 'float' to 'int', possible loss of data
d:\study\visual project\megaman\megaman\megaman\blashhornet_point.cpp(67): warning C4244: '=': conversion from 'int' to 'float', possible loss of data
d:\study\visual project\megaman\megaman\megaman\blashhornet_point.cpp(68): warning C4244: '=': conversion from 'int' to 'float', possible loss of data
  Byte.cpp
  c:\program files (x86)\microsoft directx sdk (june 2010)\include\dinput.h: DIRECTINPUT_VERSION undefined. Defaulting to version 0x0800
d:\study\visual project\megaman\megaman\megaman\byte.cpp(16): warning C4305: 'argument': truncation from 'double' to 'float'
d:\study\visual project\megaman\megaman\megaman\byte.cpp(18): warning C4305: 'argument': truncation from 'double' to 'float'
d:\study\visual project\megaman\megaman\megaman\byte.cpp(60): warning C4244: 'argument': conversion from 'float' to 'int', possible loss of data
d:\study\visual project\megaman\megaman\megaman\byte.cpp(67): warning C4244: 'initializing': conversion from 'float' to 'int', possible loss of data
d:\study\visual project\megaman\megaman\megaman\byte.cpp(68): warning C4244: 'argument': conversion from 'float' to 'int', possible loss of data
d:\study\visual project\megaman\megaman\megaman\byte.cpp(69): warning C4244: 'initializing': conversion from 'float' to 'int', possible loss of data
d:\study\visual project\megaman\megaman\megaman\byte.cpp(75): warning C4244: '=': conversion from 'int' to 'float', possible loss of data
d:\study\visual project\megaman\megaman\megaman\byte.cpp(118): warning C4244: 'initializing': conversion from 'float' to 'int', possible loss of data
d:\study\visual project\megaman\megaman\megaman\byte.cpp(129): warning C4244: 'argument': conversion from 'float' to 'int', possible loss of data
d:\study\visual project\megaman\megaman\megaman\byte.cpp(133): warning C4244: 'argument': conversion from 'float' to 'int', possible loss of data
d:\study\visual project\megaman\megaman\megaman\byte.cpp(285): warning C4244: '=': conversion from 'int' to 'float', possible loss of data
  Enermy.cpp
  c:\program files (x86)\microsoft directx sdk (june 2010)\include\dinput.h: DIRECTINPUT_VERSION undefined. Defaulting to version 0x0800
d:\study\visual project\megaman\megaman\megaman\enermy.cpp(21): warning C4244: '=': conversion from 'int' to 'float', possible loss of data
d:\study\visual project\megaman\megaman\megaman\enermy.cpp(50): warning C4244: 'argument': conversion from 'float' to 'int', possible loss of data
d:\study\visual project\megaman\megaman\megaman\enermy.cpp(57): warning C4244: 'argument': conversion from 'float' to 'int', possible loss of data
d:\study\visual project\megaman\megaman\megaman\enermy.cpp(58): warning C4244: 'initializing': conversion from 'float' to 'int', possible loss of data
d:\study\visual project\megaman\megaman\megaman\enermy.cpp(64): warning C4244: '=': conversion from 'int' to 'float', possible loss of data
d:\study\visual project\megaman\megaman\megaman\enermy.cpp(139): warning C4305: 'argument': truncation from 'double' to 'float'
  Genjibo.cpp
  c:\program files (x86)\microsoft directx sdk (june 2010)\include\dinput.h: DIRECTINPUT_VERSION undefined. Defaulting to version 0x0800
d:\study\visual project\megaman\megaman\megaman\genjibo.cpp(36): warning C4244: 'argument': conversion from 'float' to 'int', possible loss of data
d:\study\visual project\megaman\megaman\megaman\genjibo.cpp(42): warning C4244: 'initializing': conversion from 'float' to 'int', possible loss of data
d:\study\visual project\megaman\megaman\megaman\genjibo.cpp(43): warning C4244: 'initializing': conversion from 'float' to 'int', possible loss of data
d:\study\visual project\megaman\megaman\megaman\genjibo.cpp(45): warning C4244: 'argument': conversion from 'float' to 'int', possible loss of data
d:\study\visual project\megaman\megaman\megaman\genjibo.cpp(46): warning C4244: 'initializing': conversion from 'float' to 'int', possible loss of data
d:\study\visual project\megaman\megaman\megaman\genjibo.cpp(52): warning C4244: '=': conversion from 'int' to 'float', possible loss of data
d:\study\visual project\megaman\megaman\megaman\genjibo.cpp(139): warning C4244: '=': conversion from 'int' to 'float', possible loss of data
d:\study\visual project\megaman\megaman\megaman\genjibo.cpp(152): warning C4305: 'argument': truncation from 'double' to 'float'
d:\study\visual project\megaman\megaman\megaman\genjibo.cpp(159): warning C4244: '=': conversion from 'int' to 'float', possible loss of data
d:\study\visual project\megaman\megaman\megaman\genjibo.cpp(180): warning C4244: '=': conversion from 'int' to 'float', possible loss of data
d:\study\visual project\megaman\megaman\megaman\genjibo.cpp(183): warning C4244: '=': conversion from 'int' to 'float', possible loss of data
d:\study\visual project\megaman\megaman\megaman\genjibo.cpp(203): warning C4244: '=': conversion from 'int' to 'float', possible loss of data
d:\study\visual project\megaman\megaman\megaman\genjibo.cpp(204): warning C4244: '=': conversion from 'int' to 'float', possible loss of data
d:\study\visual project\megaman\megaman\megaman\genjibo.cpp(241): warning C4244: '=': conversion from 'int' to 'float', possible loss of data
d:\study\visual project\megaman\megaman\megaman\genjibo.cpp(247): warning C4244: '=': conversion from 'int' to 'float', possible loss of data
d:\study\visual project\megaman\megaman\megaman\genjibo.cpp(352): warning C4305: 'argument': truncation from 'double' to 'float'
d:\study\visual project\megaman\megaman\megaman\genjibo.cpp(355): warning C4305: 'argument': truncation from 'double' to 'float'
  Hornet.cpp
  c:\program files (x86)\microsoft directx sdk (june 2010)\include\dinput.h: DIRECTINPUT_VERSION undefined. Defaulting to version 0x0800
d:\study\visual project\megaman\megaman\megaman\hornet.cpp(33): warning C4244: 'argument': conversion from 'float' to 'int', possible loss of data
d:\study\visual project\megaman\megaman\megaman\hornet.cpp(40): warning C4244: 'argument': conversion from 'float' to 'int', possible loss of data
d:\study\visual project\megaman\megaman\megaman\hornet.cpp(41): warning C4244: 'initializing': conversion from 'float' to 'int', possible loss of data
d:\study\visual project\megaman\megaman\megaman\hornet.cpp(47): warning C4244: '=': conversion from 'int' to 'float', possible loss of data
d:\study\visual project\megaman\megaman\megaman\hornet.cpp(138): warning C4244: '=': conversion from 'int' to 'float', possible loss of data
d:\study\visual project\megaman\megaman\megaman\hornet.cpp(139): warning C4244: '=': conversion from 'int' to 'float', possible loss of data
d:\study\visual project\megaman\megaman\megaman\hornet.cpp(142): warning C4244: '=': conversion from 'int' to 'float', possible loss of data
d:\study\visual project\megaman\megaman\megaman\hornet.cpp(143): warning C4244: '=': conversion from 'int' to 'float', possible loss of data
  Generating Code...
  MegaMan.vcxproj -> D:\Study\Visual Project\megaman\MegaMan\Debug\MegaMan.exe
