  Animate.cpp
  BaseObject.cpp
c:\users\ducpham\documents\github\gameintroduce\megaman\megaman\graphics.h(5): fatal error C1083: Cannot open include file: 'd3dx9.h': No such file or directory
  Box.cpp
  Camera.cpp
c:\users\ducpham\documents\github\gameintroduce\megaman\megaman\graphics.h(5): fatal error C1083: Cannot open include file: 'd3dx9.h': No such file or directory
  CollisionManager.cpp
c:\users\ducpham\documents\github\gameintroduce\megaman\megaman\graphics.h(5): fatal error C1083: Cannot open include file: 'd3dx9.h': No such file or directory
  Dragonfly.cpp
c:\users\ducpham\documents\github\gameintroduce\megaman\megaman\graphics.h(5): fatal error C1083: Cannot open include file: 'd3dx9.h': No such file or directory
  DrawableObject.cpp
c:\users\ducpham\documents\github\gameintroduce\megaman\megaman\graphics.h(5): fatal error C1083: Cannot open include file: 'd3dx9.h': No such file or directory
  Enermy.cpp
c:\users\ducpham\documents\github\gameintroduce\megaman\megaman\graphics.h(5): fatal error C1083: Cannot open include file: 'd3dx9.h': No such file or directory
  GameTime.cpp
  GameTimeLoop.cpp
  Graphics.cpp
c:\users\ducpham\documents\github\gameintroduce\megaman\megaman\graphics.h(5): fatal error C1083: Cannot open include file: 'd3dx9.h': No such file or directory
  KeyBoard.cpp
  c:\program files (x86)\windows kits\10\include\10.0.17134.0\um\dinput.h: DIRECTINPUT_VERSION undefined. Defaulting to version 0x0800
c:\users\ducpham\documents\github\gameintroduce\megaman\megaman\keyboard.cpp(44): warning C4804: '>': unsafe use of type 'bool' in operation
  KeyGame.cpp
  c:\program files (x86)\windows kits\10\include\10.0.17134.0\um\dinput.h: DIRECTINPUT_VERSION undefined. Defaulting to version 0x0800
  LifeUI.cpp
  Main.cpp
c:\users\ducpham\documents\github\gameintroduce\megaman\megaman\graphics.h(5): fatal error C1083: Cannot open include file: 'd3dx9.h': No such file or directory
  Map.cpp
c:\users\ducpham\documents\github\gameintroduce\megaman\megaman\graphics.h(5): fatal error C1083: Cannot open include file: 'd3dx9.h': No such file or directory
  MegamanScene.cpp
c:\users\ducpham\documents\github\gameintroduce\megaman\megaman\graphics.h(5): fatal error C1083: Cannot open include file: 'd3dx9.h': No such file or directory
  Mouse.cpp
  c:\program files (x86)\windows kits\10\include\10.0.17134.0\um\dinput.h: DIRECTINPUT_VERSION undefined. Defaulting to version 0x0800
  MovableObject.cpp
c:\users\ducpham\documents\github\gameintroduce\megaman\megaman\graphics.h(5): fatal error C1083: Cannot open include file: 'd3dx9.h': No such file or directory
  ObjectsCategory.cpp
c:\users\ducpham\documents\github\gameintroduce\megaman\megaman\graphics.h(5): fatal error C1083: Cannot open include file: 'd3dx9.h': No such file or directory
  Generating Code...
  Compiling...
  OldRestore.cpp
c:\users\ducpham\documents\github\gameintroduce\megaman\megaman\graphics.h(5): fatal error C1083: Cannot open include file: 'd3dx9.h': No such file or directory
  Point.cpp
  QuadNode.cpp
c:\users\ducpham\documents\github\gameintroduce\megaman\megaman\graphics.h(5): fatal error C1083: Cannot open include file: 'd3dx9.h': No such file or directory
  QuadTree.cpp
c:\users\ducpham\documents\github\gameintroduce\megaman\megaman\graphics.h(5): fatal error C1083: Cannot open include file: 'd3dx9.h': No such file or directory
  RectF.cpp
c:\users\ducpham\documents\github\gameintroduce\megaman\megaman\rectf.cpp(48): warning C4244: 'argument': conversion from 'float' to 'int', possible loss of data
  RockButlet.cpp
c:\users\ducpham\documents\github\gameintroduce\megaman\megaman\graphics.h(5): fatal error C1083: Cannot open include file: 'd3dx9.h': No such file or directory
  Rockman.cpp
c:\users\ducpham\documents\github\gameintroduce\megaman\megaman\graphics.h(5): fatal error C1083: Cannot open include file: 'd3dx9.h': No such file or directory
  Scene.cpp
  Sprite.cpp
c:\users\ducpham\documents\github\gameintroduce\megaman\megaman\graphics.h(5): fatal error C1083: Cannot open include file: 'd3dx9.h': No such file or directory
  SpriteManager.cpp
c:\users\ducpham\documents\github\gameintroduce\megaman\megaman\graphics.h(5): fatal error C1083: Cannot open include file: 'd3dx9.h': No such file or directory
  Texture.cpp
c:\users\ducpham\documents\github\gameintroduce\megaman\megaman\graphics.h(5): fatal error C1083: Cannot open include file: 'd3dx9.h': No such file or directory
  TileMap.cpp
c:\users\ducpham\documents\github\gameintroduce\megaman\megaman\graphics.h(5): fatal error C1083: Cannot open include file: 'd3dx9.h': No such file or directory
  WindowGame.cpp
c:\users\ducpham\documents\github\gameintroduce\megaman\megaman\windowgame.cpp(36): error C2440: '=': cannot convert from 'const char [10]' to 'LPCWSTR'
  c:\users\ducpham\documents\github\gameintroduce\megaman\megaman\windowgame.cpp(36): note: Types pointed to are unrelated; conversion requires reinterpret_cast, C-style cast or function-style cast
c:\users\ducpham\documents\github\gameintroduce\megaman\megaman\windowgame.cpp(39): error C2664: 'HWND CreateWindowExW(DWORD,LPCWSTR,LPCWSTR,DWORD,int,int,int,int,HWND,HMENU,HINSTANCE,LPVOID)': cannot convert argument 2 from 'const char [10]' to 'LPCWSTR'
  c:\users\ducpham\documents\github\gameintroduce\megaman\megaman\windowgame.cpp(40): note: Types pointed to are unrelated; conversion requires reinterpret_cast, C-style cast or function-style cast
  Generating Code...
